INFO 2019-09-21 06:25:45,669 autoreload 597 Watching for file changes with StatReloader
INFO 2019-09-21 06:26:49,919 autoreload 597 Watching for file changes with StatReloader
INFO 2019-09-21 06:31:33,491 autoreload 217 /home/moluo/Desktop/luffyProject/luffyapi/luffyapi/settings/dev.py changed, reloading.
INFO 2019-09-21 06:31:33,892 autoreload 597 Watching for file changes with StatReloader
INFO 2019-09-21 06:45:51,393 autoreload 217 /home/moluo/Desktop/luffyProject/luffyapi/luffyapi/settings/dev.py changed, reloading.
INFO 2019-09-21 06:45:51,685 autoreload 597 Watching for file changes with StatReloader
INFO 2019-09-21 06:51:47,705 autoreload 217 /home/moluo/Desktop/luffyProject/luffyapi/luffyapi/settings/dev.py changed, reloading.
INFO 2019-09-21 06:51:48,040 autoreload 597 Watching for file changes with StatReloader
INFO 2019-09-21 06:52:24,484 autoreload 597 Watching for file changes with StatReloader
INFO 2019-09-21 06:53:09,759 autoreload 597 Watching for file changes with StatReloader
INFO 2019-09-21 06:53:22,010 autoreload 217 /home/moluo/.virtualenvs/luffycity/lib/python3.6/site-packages/django/db/backends/mysql/base.py changed, reloading.
INFO 2019-09-21 06:53:22,352 autoreload 597 Watching for file changes with StatReloader
INFO 2019-09-21 06:53:28,219 autoreload 597 Watching for file changes with StatReloader
INFO 2019-09-21 06:53:34,561 autoreload 217 /home/moluo/.virtualenvs/luffycity/lib/python3.6/site-packages/django/db/backends/mysql/operations.py changed, reloading.
INFO 2019-09-21 06:53:34,866 autoreload 597 Watching for file changes with StatReloader
INFO 2019-09-21 06:53:48,513 autoreload 217 /home/moluo/.virtualenvs/luffycity/lib/python3.6/site-packages/django/db/backends/mysql/operations.py changed, reloading.
INFO 2019-09-21 06:53:48,794 autoreload 597 Watching for file changes with StatReloader
INFO 2019-09-21 06:53:56,642 autoreload 597 Watching for file changes with StatReloader
INFO 2019-09-21 07:11:22,426 autoreload 597 Watching for file changes with StatReloader
INFO 2019-09-21 08:21:16,884 autoreload 597 Watching for file changes with StatReloader
INFO 2019-09-21 08:21:19,445 basehttp 154 "GET / HTTP/1.1" 200 16348
INFO 2019-09-21 08:21:19,486 basehttp 154 "GET /static/admin/css/fonts.css HTTP/1.1" 200 423
INFO 2019-09-21 08:21:19,621 basehttp 154 "GET /static/admin/fonts/Roboto-Bold-webfont.woff HTTP/1.1" 200 86184
INFO 2019-09-21 08:21:19,658 basehttp 154 "GET /static/admin/fonts/Roboto-Light-webfont.woff HTTP/1.1" 200 85692
INFO 2019-09-21 08:21:19,659 basehttp 154 "GET /static/admin/fonts/Roboto-Regular-webfont.woff HTTP/1.1" 200 85876
WARNING 2019-09-21 08:21:19,682 log 228 Not Found: /favicon.ico
WARNING 2019-09-21 08:21:19,686 basehttp 154 "GET /favicon.ico HTTP/1.1" 404 1974
ERROR 2019-09-21 08:25:10,776 exception 77 Invalid HTTP_HOST header: 'api.luffycity.cn:8000'. You may need to add 'api.luffycity.cn' to ALLOWED_HOSTS.
WARNING 2019-09-21 08:25:10,816 log 228 Bad Request: /
WARNING 2019-09-21 08:25:10,816 basehttp 154 "GET / HTTP/1.1" 400 68914
ERROR 2019-09-21 08:25:11,025 exception 77 Invalid HTTP_HOST header: 'api.luffycity.cn:8000'. You may need to add 'api.luffycity.cn' to ALLOWED_HOSTS.
WARNING 2019-09-21 08:25:11,061 log 228 Bad Request: /favicon.ico
WARNING 2019-09-21 08:25:11,061 basehttp 154 "GET /favicon.ico HTTP/1.1" 400 68999
INFO 2019-09-21 08:26:02,586 autoreload 217 /home/moluo/Desktop/luffyProject/luffyapi/luffyapi/settings/dev.py changed, reloading.
INFO 2019-09-21 08:26:02,976 autoreload 597 Watching for file changes with StatReloader
INFO 2019-09-21 08:26:03,615 basehttp 154 "GET / HTTP/1.1" 200 16348
INFO 2019-09-21 08:26:03,630 basehttp 154 "GET /static/admin/css/fonts.css HTTP/1.1" 200 423
INFO 2019-09-21 08:26:03,757 basehttp 154 "GET /static/admin/fonts/Roboto-Regular-webfont.woff HTTP/1.1" 200 85876
INFO 2019-09-21 08:26:03,767 basehttp 154 "GET /static/admin/fonts/Roboto-Light-webfont.woff HTTP/1.1" 200 85692
INFO 2019-09-21 08:26:03,768 basehttp 154 "GET /static/admin/fonts/Roboto-Bold-webfont.woff HTTP/1.1" 200 86184
WARNING 2019-09-21 08:26:03,777 log 228 Not Found: /favicon.ico
WARNING 2019-09-21 08:26:03,778 basehttp 154 "GET /favicon.ico HTTP/1.1" 404 1981
INFO 2019-09-21 08:26:44,700 autoreload 217 /home/moluo/Desktop/luffyProject/luffyapi/luffyapi/settings/dev.py changed, reloading.
INFO 2019-09-21 08:26:45,153 autoreload 597 Watching for file changes with StatReloader
INFO 2019-09-21 08:26:45,443 basehttp 154 "GET / HTTP/1.1" 200 16348
INFO 2019-09-21 08:26:46,893 basehttp 154 "GET / HTTP/1.1" 200 16348
INFO 2019-09-21 08:26:47,037 basehttp 154 "GET / HTTP/1.1" 200 16348
INFO 2019-09-21 08:35:43,357 autoreload 217 /home/moluo/Desktop/luffyProject/luffyapi/luffyapi/settings/dev.py changed, reloading.
INFO 2019-09-21 08:35:43,793 autoreload 597 Watching for file changes with StatReloader
INFO 2019-09-21 08:47:40,362 autoreload 217 /home/moluo/Desktop/luffyProject/luffyapi/luffyapi/settings/dev.py changed, reloading.
INFO 2019-09-21 08:47:40,880 autoreload 597 Watching for file changes with StatReloader
INFO 2019-09-21 08:51:30,651 autoreload 597 Watching for file changes with StatReloader
INFO 2019-09-21 08:52:05,495 autoreload 597 Watching for file changes with StatReloader
INFO 2019-09-21 08:55:12,343 autoreload 217 /home/moluo/Desktop/luffyProject/luffyapi/luffyapi/apps/home/models.py changed, reloading.
INFO 2019-09-21 08:55:12,656 autoreload 597 Watching for file changes with StatReloader
INFO 2019-09-21 08:58:47,081 autoreload 217 /home/moluo/Desktop/luffyProject/luffyapi/luffyapi/urls.py changed, reloading.
INFO 2019-09-21 08:58:47,538 autoreload 597 Watching for file changes with StatReloader
INFO 2019-09-21 08:59:14,425 autoreload 217 /home/moluo/Desktop/luffyProject/luffyapi/luffyapi/apps/home/models.py changed, reloading.
INFO 2019-09-21 08:59:14,809 autoreload 597 Watching for file changes with StatReloader
INFO 2019-09-21 09:00:23,138 autoreload 597 Watching for file changes with StatReloader
INFO 2019-09-21 09:00:47,638 autoreload 217 /home/moluo/Desktop/luffyProject/luffyapi/luffyapi/apps/home/models.py changed, reloading.
INFO 2019-09-21 09:00:48,051 autoreload 597 Watching for file changes with StatReloader
INFO 2019-09-21 09:06:55,400 autoreload 597 Watching for file changes with StatReloader
INFO 2019-09-21 09:18:24,898 autoreload 597 Watching for file changes with StatReloader
INFO 2019-09-21 09:18:35,930 basehttp 154 "GET /banner HTTP/1.1" 301 0
ERROR 2019-09-21 09:18:36,051 log 228 Internal Server Error: /banner/
Traceback (most recent call last):
  File "/home/moluo/.virtualenvs/luffycity/lib/python3.6/site-packages/rest_framework/views.py", line 502, in dispatch
    response = handler(request, *args, **kwargs)
  File "/home/moluo/.virtualenvs/luffycity/lib/python3.6/site-packages/rest_framework/generics.py", line 199, in get
    return self.list(request, *args, **kwargs)
  File "/home/moluo/.virtualenvs/luffycity/lib/python3.6/site-packages/rest_framework/mixins.py", line 38, in list
    queryset = self.filter_queryset(self.get_queryset())
  File "/home/moluo/.virtualenvs/luffycity/lib/python3.6/site-packages/rest_framework/generics.py", line 66, in get_queryset
    % self.__class__.__name__
AssertionError: 'ListAPIView' should either include a `queryset` attribute, or override the `get_queryset()` method.

During handling of the above exception, another exception occurred:

Traceback (most recent call last):
  File "/home/moluo/.virtualenvs/luffycity/lib/python3.6/site-packages/django/utils/module_loading.py", line 20, in import_string
    return getattr(module, class_name)
AttributeError: module 'luffyapi.utils.exceptions' has no attribute 'custom_exception_handler'

The above exception was the direct cause of the following exception:

Traceback (most recent call last):
  File "/home/moluo/.virtualenvs/luffycity/lib/python3.6/site-packages/rest_framework/settings.py", line 177, in import_from_string
    return import_string(val)
  File "/home/moluo/.virtualenvs/luffycity/lib/python3.6/site-packages/django/utils/module_loading.py", line 24, in import_string
    ) from err
ImportError: Module "luffyapi.utils.exceptions" does not define a "custom_exception_handler" attribute/class

During handling of the above exception, another exception occurred:

Traceback (most recent call last):
  File "/home/moluo/.virtualenvs/luffycity/lib/python3.6/site-packages/django/core/handlers/exception.py", line 34, in inner
    response = get_response(request)
  File "/home/moluo/.virtualenvs/luffycity/lib/python3.6/site-packages/django/core/handlers/base.py", line 115, in _get_response
    response = self.process_exception_by_middleware(e, request)
  File "/home/moluo/.virtualenvs/luffycity/lib/python3.6/site-packages/django/core/handlers/base.py", line 113, in _get_response
    response = wrapped_callback(request, *callback_args, **callback_kwargs)
  File "/home/moluo/.virtualenvs/luffycity/lib/python3.6/site-packages/django/views/decorators/csrf.py", line 54, in wrapped_view
    return view_func(*args, **kwargs)
  File "/home/moluo/.virtualenvs/luffycity/lib/python3.6/site-packages/django/views/generic/base.py", line 71, in view
    return self.dispatch(request, *args, **kwargs)
  File "/home/moluo/.virtualenvs/luffycity/lib/python3.6/site-packages/rest_framework/views.py", line 505, in dispatch
    response = self.handle_exception(exc)
  File "/home/moluo/.virtualenvs/luffycity/lib/python3.6/site-packages/rest_framework/views.py", line 459, in handle_exception
    exception_handler = self.get_exception_handler()
  File "/home/moluo/.virtualenvs/luffycity/lib/python3.6/site-packages/rest_framework/views.py", line 298, in get_exception_handler
    return self.settings.EXCEPTION_HANDLER
  File "/home/moluo/.virtualenvs/luffycity/lib/python3.6/site-packages/rest_framework/settings.py", line 220, in __getattr__
    val = perform_import(val, attr)
  File "/home/moluo/.virtualenvs/luffycity/lib/python3.6/site-packages/rest_framework/settings.py", line 166, in perform_import
    return import_from_string(val, setting_name)
  File "/home/moluo/.virtualenvs/luffycity/lib/python3.6/site-packages/rest_framework/settings.py", line 180, in import_from_string
    raise ImportError(msg)
ImportError: Could not import 'luffyapi.utils.exceptions.custom_exception_handler' for API setting 'EXCEPTION_HANDLER'. ImportError: Module "luffyapi.utils.exceptions" does not define a "custom_exception_handler" attribute/class.
ERROR 2019-09-21 09:18:36,054 basehttp 154 "GET /banner/ HTTP/1.1" 500 132732
INFO 2019-09-21 09:18:58,887 autoreload 217 /home/moluo/Desktop/luffyProject/luffyapi/luffyapi/apps/home/urls.py changed, reloading.
INFO 2019-09-21 09:18:59,933 autoreload 597 Watching for file changes with StatReloader
INFO 2019-09-21 09:19:22,350 autoreload 217 /home/moluo/Desktop/luffyProject/luffyapi/luffyapi/apps/home/urls.py changed, reloading.
INFO 2019-09-21 09:19:22,803 autoreload 597 Watching for file changes with StatReloader
INFO 2019-09-21 09:19:23,805 basehttp 154 "GET /banner/ HTTP/1.1" 200 5192
INFO 2019-09-21 09:19:23,853 basehttp 154 "GET /static/rest_framework/css/bootstrap-tweaks.css HTTP/1.1" 200 3385
INFO 2019-09-21 09:19:23,854 basehttp 154 "GET /static/rest_framework/css/default.css HTTP/1.1" 200 1131
INFO 2019-09-21 09:19:23,854 basehttp 154 "GET /static/rest_framework/css/prettify.css HTTP/1.1" 200 817
INFO 2019-09-21 09:19:23,862 basehttp 154 "GET /static/rest_framework/css/bootstrap.min.css HTTP/1.1" 200 121457
INFO 2019-09-21 09:19:23,881 basehttp 154 "GET /static/rest_framework/js/ajax-form.js HTTP/1.1" 200 3597
INFO 2019-09-21 09:19:23,884 basehttp 154 "GET /static/rest_framework/js/prettify-min.js HTTP/1.1" 200 13632
INFO 2019-09-21 09:19:23,890 basehttp 154 "GET /static/rest_framework/js/bootstrap.min.js HTTP/1.1" 200 37608
INFO 2019-09-21 09:19:23,891 basehttp 154 "GET /static/rest_framework/js/default.js HTTP/1.1" 200 1268
INFO 2019-09-21 09:19:23,891 basehttp 154 "GET /static/rest_framework/js/csrf.js HTTP/1.1" 200 1719
INFO 2019-09-21 09:19:23,901 basehttp 154 "GET /static/rest_framework/js/jquery-3.4.1.min.js HTTP/1.1" 200 88145
INFO 2019-09-21 09:19:23,924 basehttp 154 "GET /static/rest_framework/img/grid.png HTTP/1.1" 200 1458
INFO 2019-09-21 09:19:56,123 autoreload 597 Watching for file changes with StatReloader
INFO 2019-09-21 09:24:37,121 autoreload 217 /home/moluo/Desktop/luffyProject/luffyapi/luffyapi/apps/home/urls.py changed, reloading.
INFO 2019-09-21 09:24:37,712 autoreload 597 Watching for file changes with StatReloader
INFO 2019-09-21 09:25:59,316 autoreload 217 /home/moluo/Desktop/luffyProject/luffyapi/luffyapi/apps/home/views.py changed, reloading.
INFO 2019-09-21 09:25:59,722 autoreload 597 Watching for file changes with StatReloader
INFO 2019-09-21 09:27:45,649 autoreload 217 /home/moluo/Desktop/luffyProject/luffyapi/luffyapi/settings/dev.py changed, reloading.
INFO 2019-09-21 09:27:46,074 autoreload 597 Watching for file changes with StatReloader
INFO 2019-09-21 09:28:16,609 autoreload 217 /home/moluo/Desktop/luffyProject/luffyapi/luffyapi/settings/dev.py changed, reloading.
INFO 2019-09-21 17:28:17,295 autoreload 597 Watching for file changes with StatReloader
INFO 2019-09-21 17:30:52,594 autoreload 597 Watching for file changes with StatReloader
INFO 2019-09-21 17:31:47,538 basehttp 154 "GET /xadmin HTTP/1.1" 301 0
INFO 2019-09-21 17:31:47,683 basehttp 154 "GET /xadmin/ HTTP/1.1" 200 4151
INFO 2019-09-21 17:31:47,883 basehttp 154 "GET /static/xadmin/vendor/bootstrap/css/bootstrap.css HTTP/1.1" 200 126432
INFO 2019-09-21 17:31:47,896 basehttp 154 "GET /static/xadmin/css/themes/bootstrap-xadmin.css HTTP/1.1" 200 1888
INFO 2019-09-21 17:31:47,901 basehttp 154 "GET /static/xadmin/css/xadmin.responsive.css HTTP/1.1" 200 4361
INFO 2019-09-21 17:31:47,902 basehttp 154 "GET /static/xadmin/css/xadmin.plugins.css HTTP/1.1" 200 175
INFO 2019-09-21 17:31:47,902 basehttp 154 "GET /static/xadmin/vendor/jquery/jquery.js HTTP/1.1" 200 240196
INFO 2019-09-21 17:31:47,902 basehttp 154 "GET /static/xadmin/css/xadmin.main.css HTTP/1.1" 200 8376
INFO 2019-09-21 17:31:47,927 basehttp 154 "GET /xadmin/jsi18n/ HTTP/1.1" 200 4158
INFO 2019-09-21 17:31:47,928 basehttp 154 "GET /static/xadmin/vendor/font-awesome/css/font-awesome.css HTTP/1.1" 200 21658
INFO 2019-09-21 17:31:47,934 basehttp 154 "GET /static/xadmin/vendor/jquery-ui/jquery.ui.widget.js HTTP/1.1" 200 15069
INFO 2019-09-21 17:31:47,935 basehttp 154 "GET /static/xadmin/vendor/jquery-ui/jquery.ui.mouse.js HTTP/1.1" 200 4561
INFO 2019-09-21 17:31:47,937 basehttp 154 "GET /static/xadmin/vendor/jquery-ui/jquery.ui.core.js HTTP/1.1" 200 8195
INFO 2019-09-21 17:31:47,938 basehttp 154 "GET /static/xadmin/vendor/bootstrap/js/bootstrap.js HTTP/1.1" 200 58327
INFO 2019-09-21 17:31:47,962 basehttp 154 "GET /static/xadmin/vendor/jquery-ui/jquery.ui.sortable.js HTTP/1.1" 200 42543
INFO 2019-09-21 17:31:47,973 basehttp 154 "GET /static/xadmin/js/xadmin.main.js HTTP/1.1" 200 3401
INFO 2019-09-21 17:31:48,017 basehttp 154 "GET /static/xadmin/js/xadmin.responsive.js HTTP/1.1" 200 4165
INFO 2019-09-21 17:31:48,216 basehttp 154 "GET /static/xadmin/vendor/font-awesome/fonts/fontawesome-webfont.woff?v=4.0.3 HTTP/1.1" 200 44432
INFO 2019-09-21 17:31:51,963 basehttp 154 "POST /xadmin/ HTTP/1.1" 302 0
INFO 2019-09-21 17:31:52,041 basehttp 154 "GET /xadmin/ HTTP/1.1" 200 9821
INFO 2019-09-21 17:31:52,134 basehttp 154 "GET /static/xadmin/css/xadmin.page.dashboard.css HTTP/1.1" 200 790
INFO 2019-09-21 17:31:52,136 basehttp 154 "GET /static/xadmin/js/xadmin.page.dashboard.js HTTP/1.1" 200 3208
INFO 2019-09-21 17:31:52,155 basehttp 154 "GET /xadmin/jsi18n/ HTTP/1.1" 200 7722
INFO 2019-09-21 17:31:52,163 basehttp 154 "GET /static/xadmin/js/xadmin.plugin.portal.js HTTP/1.1" 200 1000
INFO 2019-09-21 17:33:25,975 basehttp 154 "GET /xadmin/ HTTP/1.1" 200 9821
INFO 2019-09-21 17:33:26,009 basehttp 154 "GET /static/xadmin/css/xadmin.main.css HTTP/1.1" 304 0
INFO 2019-09-21 17:33:26,015 basehttp 154 "GET /static/xadmin/vendor/bootstrap/css/bootstrap.css HTTP/1.1" 304 0
INFO 2019-09-21 17:33:26,016 basehttp 154 "GET /static/xadmin/css/xadmin.responsive.css HTTP/1.1" 304 0
INFO 2019-09-21 17:33:26,019 basehttp 154 "GET /static/xadmin/css/themes/bootstrap-xadmin.css HTTP/1.1" 304 0
INFO 2019-09-21 17:33:26,021 basehttp 154 "GET /static/xadmin/css/xadmin.plugins.css HTTP/1.1" 304 0
INFO 2019-09-21 17:33:26,023 basehttp 154 "GET /static/xadmin/vendor/font-awesome/css/font-awesome.css HTTP/1.1" 304 0
INFO 2019-09-21 17:33:26,027 basehttp 154 "GET /static/xadmin/vendor/jquery/jquery.js HTTP/1.1" 304 0
INFO 2019-09-21 17:33:26,028 basehttp 154 "GET /static/xadmin/css/xadmin.page.dashboard.css HTTP/1.1" 304 0
INFO 2019-09-21 17:33:26,035 basehttp 154 "GET /static/xadmin/vendor/jquery-ui/jquery.ui.core.js HTTP/1.1" 304 0
INFO 2019-09-21 17:33:26,039 basehttp 154 "GET /static/xadmin/vendor/jquery-ui/jquery.ui.widget.js HTTP/1.1" 304 0
INFO 2019-09-21 17:33:26,040 basehttp 154 "GET /xadmin/jsi18n/ HTTP/1.1" 200 7722
INFO 2019-09-21 17:33:26,064 basehttp 154 "GET /static/xadmin/vendor/jquery-ui/jquery.ui.mouse.js HTTP/1.1" 304 0
INFO 2019-09-21 17:33:26,072 basehttp 154 "GET /static/xadmin/vendor/jquery-ui/jquery.ui.sortable.js HTTP/1.1" 304 0
INFO 2019-09-21 17:33:26,074 basehttp 154 "GET /static/xadmin/vendor/bootstrap/js/bootstrap.js HTTP/1.1" 304 0
INFO 2019-09-21 17:33:26,078 basehttp 154 "GET /static/xadmin/js/xadmin.main.js HTTP/1.1" 304 0
INFO 2019-09-21 17:33:26,090 basehttp 154 "GET /static/xadmin/js/xadmin.responsive.js HTTP/1.1" 304 0
INFO 2019-09-21 17:33:26,091 basehttp 154 "GET /static/xadmin/js/xadmin.page.dashboard.js HTTP/1.1" 304 0
INFO 2019-09-21 17:33:26,107 basehttp 154 "GET /static/xadmin/js/xadmin.plugin.portal.js HTTP/1.1" 304 0
INFO 2019-09-21 17:33:27,442 basehttp 154 "GET /xadmin/ HTTP/1.1" 200 9821
INFO 2019-09-21 17:33:27,475 basehttp 154 "GET /xadmin/jsi18n/ HTTP/1.1" 200 7722
INFO 2019-09-21 17:33:29,977 basehttp 154 "GET /xadmin/ HTTP/1.1" 200 9821
INFO 2019-09-21 17:33:30,003 basehttp 154 "GET /xadmin/jsi18n/ HTTP/1.1" 200 7722
INFO 2019-09-21 17:33:36,299 basehttp 154 "GET /xadmin/ HTTP/1.1" 200 9821
INFO 2019-09-21 17:33:36,330 basehttp 154 "GET /xadmin/jsi18n/ HTTP/1.1" 200 7722
INFO 2019-09-21 17:33:36,493 basehttp 154 "GET /xadmin/ HTTP/1.1" 200 9821
INFO 2019-09-21 17:33:36,540 basehttp 154 "GET /xadmin/jsi18n/ HTTP/1.1" 200 7722
INFO 2019-09-21 17:33:36,850 basehttp 154 "GET /xadmin/ HTTP/1.1" 200 9821
INFO 2019-09-21 17:33:36,884 basehttp 154 "GET /xadmin/jsi18n/ HTTP/1.1" 200 7722
INFO 2019-09-21 17:33:37,045 basehttp 154 "GET /xadmin/ HTTP/1.1" 200 9821
INFO 2019-09-21 17:33:37,078 basehttp 154 "GET /xadmin/jsi18n/ HTTP/1.1" 200 7722
INFO 2019-09-21 17:35:00,845 autoreload 597 Watching for file changes with StatReloader
INFO 2019-09-21 17:35:06,053 basehttp 154 "GET /xadmin/ HTTP/1.1" 200 14370
WARNING 2019-09-21 17:35:15,934 log 228 Not Found: /xadnub'
WARNING 2019-09-21 17:35:15,935 basehttp 154 "GET /xadnub' HTTP/1.1" 404 2260
INFO 2019-09-21 17:35:23,995 basehttp 154 "GET /xadmin/ HTTP/1.1" 200 14370
INFO 2019-09-21 17:35:24,078 basehttp 154 "GET /static/xadmin/css/themes/bootstrap-xadmin.css HTTP/1.1" 304 0
INFO 2019-09-21 17:35:24,079 basehttp 154 "GET /static/xadmin/vendor/font-awesome/css/font-awesome.css HTTP/1.1" 304 0
INFO 2019-09-21 17:35:24,083 basehttp 154 "GET /static/xadmin/vendor/bootstrap/css/bootstrap.css HTTP/1.1" 304 0
INFO 2019-09-21 17:35:24,084 basehttp 154 "GET /static/xadmin/css/xadmin.responsive.css HTTP/1.1" 304 0
INFO 2019-09-21 17:35:24,097 basehttp 154 "GET /static/xadmin/css/xadmin.plugins.css HTTP/1.1" 304 0
INFO 2019-09-21 17:35:24,101 basehttp 154 "GET /static/xadmin/css/xadmin.main.css HTTP/1.1" 304 0
INFO 2019-09-21 17:35:24,103 basehttp 154 "GET /static/xadmin/vendor/jquery-ui/jquery.ui.effect.js HTTP/1.1" 200 31918
INFO 2019-09-21 17:35:24,109 basehttp 154 "GET /static/xadmin/vendor/jquery/jquery.js HTTP/1.1" 304 0
INFO 2019-09-21 17:35:24,112 basehttp 154 "GET /static/xadmin/css/xadmin.page.dashboard.css HTTP/1.1" 304 0
INFO 2019-09-21 17:35:24,116 basehttp 154 "GET /static/xadmin/js/xadmin.plugin.themes.js HTTP/1.1" 200 3489
INFO 2019-09-21 17:35:24,123 basehttp 154 "GET /xadmin/jsi18n/ HTTP/1.1" 200 7722
INFO 2019-09-21 17:35:24,128 basehttp 154 "GET /static/xadmin/vendor/jquery-ui/jquery.ui.core.js HTTP/1.1" 304 0
INFO 2019-09-21 17:35:24,129 basehttp 154 "GET /static/xadmin/vendor/jquery-ui/jquery.ui.widget.js HTTP/1.1" 304 0
INFO 2019-09-21 17:35:24,146 basehttp 154 "GET /static/xadmin/vendor/jquery-ui/jquery.ui.mouse.js HTTP/1.1" 304 0
INFO 2019-09-21 17:35:24,159 basehttp 154 "GET /static/xadmin/vendor/bootstrap/js/bootstrap.js HTTP/1.1" 304 0
INFO 2019-09-21 17:35:24,160 basehttp 154 "GET /static/xadmin/vendor/jquery-ui/jquery.ui.sortable.js HTTP/1.1" 304 0
INFO 2019-09-21 17:35:24,165 basehttp 154 "GET /static/xadmin/js/xadmin.main.js HTTP/1.1" 304 0
INFO 2019-09-21 17:35:24,177 basehttp 154 "GET /static/xadmin/js/xadmin.page.dashboard.js HTTP/1.1" 304 0
INFO 2019-09-21 17:35:24,178 basehttp 154 "GET /static/xadmin/js/xadmin.responsive.js HTTP/1.1" 304 0
INFO 2019-09-21 17:35:24,195 basehttp 154 "GET /static/xadmin/js/xadmin.plugin.portal.js HTTP/1.1" 304 0
INFO 2019-09-21 17:35:24,427 basehttp 154 "GET /static/xadmin/vendor/font-awesome/fonts/fontawesome-webfont.woff?v=4.0.3 HTTP/1.1" 304 0
INFO 2019-09-21 17:36:06,188 autoreload 597 Watching for file changes with StatReloader
INFO 2019-09-21 17:36:10,332 basehttp 154 "GET /xadmin/ HTTP/1.1" 200 14370
INFO 2019-09-21 17:36:10,367 basehttp 154 "GET /static/xadmin/vendor/bootstrap/css/bootstrap.css HTTP/1.1" 304 0
INFO 2019-09-21 17:36:10,377 basehttp 154 "GET /static/xadmin/css/xadmin.plugins.css HTTP/1.1" 304 0
INFO 2019-09-21 17:36:10,384 basehttp 154 "GET /static/xadmin/css/themes/bootstrap-xadmin.css HTTP/1.1" 304 0
INFO 2019-09-21 17:36:10,385 basehttp 154 "GET /static/xadmin/css/xadmin.main.css HTTP/1.1" 304 0
INFO 2019-09-21 17:36:10,395 basehttp 154 "GET /static/xadmin/css/xadmin.page.dashboard.css HTTP/1.1" 304 0
INFO 2019-09-21 17:36:10,406 basehttp 154 "GET /static/xadmin/vendor/font-awesome/css/font-awesome.css HTTP/1.1" 304 0
INFO 2019-09-21 17:36:10,408 basehttp 154 "GET /static/xadmin/vendor/jquery/jquery.js HTTP/1.1" 304 0
INFO 2019-09-21 17:36:10,416 basehttp 154 "GET /static/xadmin/vendor/jquery-ui/jquery.ui.core.js HTTP/1.1" 304 0
INFO 2019-09-21 17:36:10,418 basehttp 154 "GET /static/xadmin/vendor/jquery-ui/jquery.ui.widget.js HTTP/1.1" 304 0
INFO 2019-09-21 17:36:10,420 basehttp 154 "GET /xadmin/jsi18n/ HTTP/1.1" 200 7722
INFO 2019-09-21 17:36:10,421 basehttp 154 "GET /static/xadmin/css/xadmin.responsive.css HTTP/1.1" 304 0
INFO 2019-09-21 17:36:10,424 basehttp 154 "GET /static/xadmin/vendor/jquery-ui/jquery.ui.mouse.js HTTP/1.1" 304 0
INFO 2019-09-21 17:36:10,435 basehttp 154 "GET /static/xadmin/vendor/jquery-ui/jquery.ui.sortable.js HTTP/1.1" 304 0
INFO 2019-09-21 17:36:10,454 basehttp 154 "GET /static/xadmin/vendor/bootstrap/js/bootstrap.js HTTP/1.1" 304 0
INFO 2019-09-21 17:36:10,457 basehttp 154 "GET /static/xadmin/js/xadmin.main.js HTTP/1.1" 304 0
INFO 2019-09-21 17:36:10,472 basehttp 154 "GET /static/xadmin/js/xadmin.responsive.js HTTP/1.1" 304 0
INFO 2019-09-21 17:36:10,474 basehttp 154 "GET /static/xadmin/vendor/jquery-ui/jquery.ui.effect.js HTTP/1.1" 304 0
INFO 2019-09-21 17:36:10,474 basehttp 154 "GET /static/xadmin/js/xadmin.page.dashboard.js HTTP/1.1" 304 0
INFO 2019-09-21 17:36:10,484 basehttp 154 "GET /static/xadmin/js/xadmin.plugin.portal.js HTTP/1.1" 304 0
INFO 2019-09-21 17:36:10,499 basehttp 154 "GET /static/xadmin/vendor/font-awesome/fonts/fontawesome-webfont.woff?v=4.0.3 HTTP/1.1" 304 0
INFO 2019-09-21 17:36:10,504 basehttp 154 "GET /static/xadmin/js/xadmin.plugin.themes.js HTTP/1.1" 304 0
INFO 2019-09-21 17:36:18,217 basehttp 154 "GET /xadmin/home/banner/ HTTP/1.1" 200 24051
INFO 2019-09-21 17:36:18,265 basehttp 154 "GET /static/xadmin/css/xadmin.form.css HTTP/1.1" 200 3763
INFO 2019-09-21 17:36:18,268 basehttp 154 "GET /xadmin/jsi18n/ HTTP/1.1" 200 7722
INFO 2019-09-21 17:36:18,272 basehttp 154 "GET /static/xadmin/js/xadmin.plugin.bookmark.js HTTP/1.1" 200 529
INFO 2019-09-21 17:36:18,273 basehttp 154 "GET /static/xadmin/js/xadmin.plugin.filters.js HTTP/1.1" 200 1990
INFO 2019-09-21 17:36:18,274 basehttp 154 "GET /static/xadmin/js/xadmin.plugin.details.js HTTP/1.1" 200 2319
INFO 2019-09-21 17:36:18,277 basehttp 154 "GET /static/xadmin/js/xadmin.page.form.js HTTP/1.1" 200 1948
INFO 2019-09-21 17:36:18,286 basehttp 154 "GET /static/xadmin/js/xadmin.page.list.js HTTP/1.1" 200 1105
INFO 2019-09-21 17:36:32,844 basehttp 154 "GET /xadmin/home/banner/add/ HTTP/1.1" 200 19758
INFO 2019-09-21 17:36:32,899 basehttp 154 "GET /static/xadmin/vendor/bootstrap-image-gallery/js/bootstrap-image-gallery.js HTTP/1.1" 200 15611
INFO 2019-09-21 17:36:32,900 basehttp 154 "GET /static/xadmin/vendor/load-image/load-image.js HTTP/1.1" 200 8309
INFO 2019-09-21 17:36:32,902 basehttp 154 "GET /static/xadmin/vendor/bootstrap-image-gallery/css/bootstrap-image-gallery.css HTTP/1.1" 200 3339
INFO 2019-09-21 17:36:32,913 basehttp 154 "GET /xadmin/jsi18n/ HTTP/1.1" 200 7722
INFO 2019-09-21 17:38:57,368 basehttp 154 "POST /xadmin/home/banner/add/ HTTP/1.1" 302 0
INFO 2019-09-21 17:38:57,495 basehttp 154 "GET /xadmin/home/banner/ HTTP/1.1" 200 28075
INFO 2019-09-21 17:38:57,658 basehttp 154 "GET /static/xadmin/vendor/font-awesome/css/font-awesome.css HTTP/1.1" 304 0
INFO 2019-09-21 17:38:57,661 basehttp 154 "GET /static/xadmin/css/themes/bootstrap-xadmin.css HTTP/1.1" 304 0
INFO 2019-09-21 17:38:57,666 basehttp 154 "GET /static/xadmin/css/xadmin.main.css HTTP/1.1" 304 0
INFO 2019-09-21 17:38:57,667 basehttp 154 "GET /static/xadmin/vendor/bootstrap/css/bootstrap.css HTTP/1.1" 304 0
INFO 2019-09-21 17:38:57,670 basehttp 154 "GET /static/xadmin/js/xadmin.plugin.actions.js HTTP/1.1" 200 4198
INFO 2019-09-21 17:38:57,683 basehttp 154 "GET /xadmin/jsi18n/ HTTP/1.1" 200 7722
INFO 2019-09-21 17:38:57,734 basehttp 154 "GET /static/xadmin/css/xadmin.plugins.css HTTP/1.1" 304 0
INFO 2019-09-21 17:38:57,740 basehttp 154 "GET /static/xadmin/css/xadmin.form.css HTTP/1.1" 304 0
INFO 2019-09-21 17:38:57,742 basehttp 154 "GET /static/xadmin/css/xadmin.responsive.css HTTP/1.1" 304 0
INFO 2019-09-21 17:38:57,745 basehttp 154 "GET /static/xadmin/vendor/jquery-ui/jquery.ui.widget.js HTTP/1.1" 304 0
INFO 2019-09-21 17:38:57,748 basehttp 154 "GET /static/xadmin/vendor/jquery/jquery.js HTTP/1.1" 304 0
INFO 2019-09-21 17:38:57,754 basehttp 154 "GET /static/xadmin/vendor/jquery-ui/jquery.ui.core.js HTTP/1.1" 304 0
INFO 2019-09-21 17:38:57,758 basehttp 154 "GET /static/xadmin/vendor/jquery-ui/jquery.ui.mouse.js HTTP/1.1" 304 0
INFO 2019-09-21 17:38:57,779 basehttp 154 "GET /static/xadmin/vendor/jquery-ui/jquery.ui.sortable.js HTTP/1.1" 304 0
INFO 2019-09-21 17:38:57,797 basehttp 154 "GET /static/xadmin/vendor/bootstrap/js/bootstrap.js HTTP/1.1" 304 0
INFO 2019-09-21 17:38:57,817 basehttp 154 "GET /static/xadmin/js/xadmin.main.js HTTP/1.1" 304 0
INFO 2019-09-21 17:38:57,824 basehttp 154 "GET /static/xadmin/vendor/jquery-ui/jquery.ui.effect.js HTTP/1.1" 304 0
INFO 2019-09-21 17:38:57,829 basehttp 154 "GET /static/xadmin/js/xadmin.plugin.details.js HTTP/1.1" 304 0
INFO 2019-09-21 17:38:57,833 basehttp 154 "GET /static/xadmin/js/xadmin.responsive.js HTTP/1.1" 304 0
INFO 2019-09-21 17:38:57,836 basehttp 154 "GET /static/xadmin/js/xadmin.plugin.themes.js HTTP/1.1" 304 0
INFO 2019-09-21 17:38:57,849 basehttp 154 "GET /static/xadmin/js/xadmin.page.form.js HTTP/1.1" 304 0
INFO 2019-09-21 17:38:57,872 basehttp 154 "GET /static/xadmin/js/xadmin.plugin.bookmark.js HTTP/1.1" 304 0
INFO 2019-09-21 17:38:57,880 basehttp 154 "GET /static/xadmin/js/xadmin.plugin.filters.js HTTP/1.1" 304 0
INFO 2019-09-21 17:38:57,888 basehttp 154 "GET /static/xadmin/js/xadmin.page.list.js HTTP/1.1" 304 0
INFO 2019-09-21 17:39:01,219 basehttp 154 "GET /xadmin/home/banner/add/ HTTP/1.1" 200 19758
INFO 2019-09-21 17:39:01,251 basehttp 154 "GET /static/xadmin/vendor/load-image/load-image.js HTTP/1.1" 304 0
INFO 2019-09-21 17:39:01,255 basehttp 154 "GET /static/xadmin/vendor/bootstrap-image-gallery/js/bootstrap-image-gallery.js HTTP/1.1" 304 0
INFO 2019-09-21 17:39:01,256 basehttp 154 "GET /static/xadmin/js/xadmin.plugin.portal.js HTTP/1.1" 304 0
INFO 2019-09-21 17:39:01,257 basehttp 154 "GET /static/xadmin/vendor/bootstrap-image-gallery/css/bootstrap-image-gallery.css HTTP/1.1" 304 0
INFO 2019-09-21 17:39:01,265 basehttp 154 "GET /xadmin/jsi18n/ HTTP/1.1" 200 7722
INFO 2019-09-21 17:40:06,914 basehttp 154 "POST /xadmin/home/banner/add/ HTTP/1.1" 302 0
INFO 2019-09-21 17:40:07,022 basehttp 154 "GET /xadmin/home/banner/ HTTP/1.1" 200 28667
INFO 2019-09-21 17:40:07,115 basehttp 154 "GET /static/xadmin/vendor/bootstrap/css/bootstrap.css HTTP/1.1" 304 0
INFO 2019-09-21 17:40:07,120 basehttp 154 "GET /static/xadmin/css/xadmin.plugins.css HTTP/1.1" 304 0
INFO 2019-09-21 17:40:07,122 basehttp 154 "GET /static/xadmin/vendor/font-awesome/css/font-awesome.css HTTP/1.1" 304 0
INFO 2019-09-21 17:40:07,123 basehttp 154 "GET /static/xadmin/css/xadmin.main.css HTTP/1.1" 304 0
INFO 2019-09-21 17:40:07,143 basehttp 154 "GET /static/xadmin/vendor/jquery-ui/jquery.ui.core.js HTTP/1.1" 304 0
INFO 2019-09-21 17:40:07,145 basehttp 154 "GET /xadmin/jsi18n/ HTTP/1.1" 200 7722
INFO 2019-09-21 17:40:07,147 basehttp 154 "GET /static/xadmin/css/themes/bootstrap-xadmin.css HTTP/1.1" 304 0
INFO 2019-09-21 17:40:07,148 basehttp 154 "GET /static/xadmin/vendor/jquery/jquery.js HTTP/1.1" 304 0
INFO 2019-09-21 17:40:07,149 basehttp 154 "GET /static/xadmin/css/xadmin.responsive.css HTTP/1.1" 304 0
INFO 2019-09-21 17:40:07,149 basehttp 154 "GET /static/xadmin/css/xadmin.form.css HTTP/1.1" 304 0
INFO 2019-09-21 17:40:07,151 basehttp 154 "GET /static/xadmin/vendor/jquery-ui/jquery.ui.widget.js HTTP/1.1" 304 0
INFO 2019-09-21 17:40:07,181 basehttp 154 "GET /static/xadmin/vendor/jquery-ui/jquery.ui.mouse.js HTTP/1.1" 304 0
INFO 2019-09-21 17:40:07,187 basehttp 154 "GET /static/xadmin/vendor/jquery-ui/jquery.ui.sortable.js HTTP/1.1" 304 0
INFO 2019-09-21 17:40:07,195 basehttp 154 "GET /static/xadmin/vendor/bootstrap/js/bootstrap.js HTTP/1.1" 304 0
INFO 2019-09-21 17:40:07,204 basehttp 154 "GET /static/xadmin/js/xadmin.main.js HTTP/1.1" 304 0
INFO 2019-09-21 17:40:07,207 basehttp 154 "GET /static/xadmin/vendor/jquery-ui/jquery.ui.effect.js HTTP/1.1" 304 0
INFO 2019-09-21 17:40:07,207 basehttp 154 "GET /static/xadmin/js/xadmin.responsive.js HTTP/1.1" 304 0
INFO 2019-09-21 17:40:07,227 basehttp 154 "GET /static/xadmin/js/xadmin.plugin.details.js HTTP/1.1" 304 0
INFO 2019-09-21 17:40:07,232 basehttp 154 "GET /static/xadmin/js/xadmin.plugin.bookmark.js HTTP/1.1" 304 0
INFO 2019-09-21 17:40:07,239 basehttp 154 "GET /static/xadmin/js/xadmin.plugin.filters.js HTTP/1.1" 304 0
INFO 2019-09-21 17:40:07,251 basehttp 154 "GET /static/xadmin/js/xadmin.plugin.actions.js HTTP/1.1" 304 0
INFO 2019-09-21 17:40:07,259 basehttp 154 "GET /static/xadmin/js/xadmin.page.list.js HTTP/1.1" 304 0
INFO 2019-09-21 17:40:07,259 basehttp 154 "GET /static/xadmin/js/xadmin.plugin.themes.js HTTP/1.1" 304 0
INFO 2019-09-21 17:40:07,271 basehttp 154 "GET /static/xadmin/js/xadmin.page.form.js HTTP/1.1" 304 0
INFO 2019-09-21 17:40:09,250 basehttp 154 "GET /xadmin/home/banner/add/ HTTP/1.1" 200 19758
INFO 2019-09-21 17:40:09,281 basehttp 154 "GET /static/xadmin/vendor/bootstrap-image-gallery/js/bootstrap-image-gallery.js HTTP/1.1" 304 0
INFO 2019-09-21 17:40:09,283 basehttp 154 "GET /static/xadmin/js/xadmin.plugin.portal.js HTTP/1.1" 304 0
INFO 2019-09-21 17:40:09,284 basehttp 154 "GET /static/xadmin/vendor/load-image/load-image.js HTTP/1.1" 304 0
INFO 2019-09-21 17:40:09,285 basehttp 154 "GET /static/xadmin/vendor/bootstrap-image-gallery/css/bootstrap-image-gallery.css HTTP/1.1" 304 0
INFO 2019-09-21 17:40:09,293 basehttp 154 "GET /xadmin/jsi18n/ HTTP/1.1" 200 7722
INFO 2019-09-21 17:41:00,544 basehttp 154 "POST /xadmin/home/banner/add/ HTTP/1.1" 302 0
INFO 2019-09-21 17:41:00,660 basehttp 154 "GET /xadmin/home/banner/ HTTP/1.1" 200 29256
INFO 2019-09-21 17:41:00,749 basehttp 154 "POST /xadmin/home/banner/add/ HTTP/1.1" 302 0
INFO 2019-09-21 17:41:00,913 basehttp 154 "GET /xadmin/home/banner/ HTTP/1.1" 200 29846
INFO 2019-09-21 17:41:01,035 basehttp 154 "GET /xadmin/jsi18n/ HTTP/1.1" 200 7722
INFO 2019-09-21 17:41:37,962 basehttp 154 "GET /banner/ HTTP/1.1" 200 6455
INFO 2019-09-21 17:41:38,009 basehttp 154 "GET /static/rest_framework/js/jquery-3.4.1.min.js HTTP/1.1" 304 0
INFO 2019-09-21 17:41:38,010 basehttp 154 "GET /static/rest_framework/js/ajax-form.js HTTP/1.1" 304 0
INFO 2019-09-21 17:41:38,018 basehttp 154 "GET /static/rest_framework/js/csrf.js HTTP/1.1" 304 0
INFO 2019-09-21 17:41:38,019 basehttp 154 "GET /static/rest_framework/js/bootstrap.min.js HTTP/1.1" 304 0
INFO 2019-09-21 17:41:38,048 basehttp 154 "GET /static/rest_framework/css/bootstrap-tweaks.css HTTP/1.1" 304 0
INFO 2019-09-21 17:41:38,051 basehttp 154 "GET /static/rest_framework/css/bootstrap.min.css HTTP/1.1" 304 0
INFO 2019-09-21 17:41:38,054 basehttp 154 "GET /static/rest_framework/css/prettify.css HTTP/1.1" 304 0
INFO 2019-09-21 17:41:38,057 basehttp 154 "GET /static/rest_framework/css/default.css HTTP/1.1" 304 0
INFO 2019-09-21 17:41:38,058 basehttp 154 "GET /static/rest_framework/js/default.js HTTP/1.1" 304 0
INFO 2019-09-21 17:41:38,060 basehttp 154 "GET /static/rest_framework/js/prettify-min.js HTTP/1.1" 304 0
INFO 2019-09-21 17:41:38,082 basehttp 154 "GET /static/rest_framework/img/grid.png HTTP/1.1" 304 0
INFO 2019-09-21 17:41:55,283 basehttp 154 "GET /xadmin/home/banner/4/update/ HTTP/1.1" 200 20330
INFO 2019-09-21 17:41:55,306 basehttp 154 "GET /static/xadmin/vendor/bootstrap/css/bootstrap.css HTTP/1.1" 304 0
INFO 2019-09-21 17:41:55,313 basehttp 154 "GET /static/xadmin/css/xadmin.main.css HTTP/1.1" 304 0
INFO 2019-09-21 17:41:55,314 basehttp 154 "GET /static/xadmin/css/themes/bootstrap-xadmin.css HTTP/1.1" 304 0
INFO 2019-09-21 17:41:55,317 basehttp 154 "GET /static/xadmin/vendor/font-awesome/css/font-awesome.css HTTP/1.1" 304 0
INFO 2019-09-21 17:41:55,319 basehttp 154 "GET /static/xadmin/css/xadmin.responsive.css HTTP/1.1" 304 0
INFO 2019-09-21 17:41:55,323 basehttp 154 "GET /static/xadmin/css/xadmin.plugins.css HTTP/1.1" 304 0
INFO 2019-09-21 17:41:55,326 basehttp 154 "GET /static/xadmin/css/xadmin.form.css HTTP/1.1" 304 0
INFO 2019-09-21 17:41:55,327 basehttp 154 "GET /static/xadmin/vendor/bootstrap-image-gallery/css/bootstrap-image-gallery.css HTTP/1.1" 304 0
INFO 2019-09-21 17:41:55,330 basehttp 154 "GET /static/xadmin/vendor/jquery/jquery.js HTTP/1.1" 304 0
INFO 2019-09-21 17:41:55,336 basehttp 154 "GET /xadmin/jsi18n/ HTTP/1.1" 200 7722
INFO 2019-09-21 17:41:55,341 basehttp 154 "GET /static/xadmin/vendor/jquery-ui/jquery.ui.core.js HTTP/1.1" 304 0
INFO 2019-09-21 17:41:55,360 basehttp 154 "GET /media/banner/banner3_Vxaxs4k.png HTTP/1.1" 200 361097
INFO 2019-09-21 17:41:55,409 basehttp 154 "GET /static/xadmin/vendor/jquery-ui/jquery.ui.widget.js HTTP/1.1" 304 0
INFO 2019-09-21 17:41:55,410 basehttp 154 "GET /static/xadmin/js/xadmin.main.js HTTP/1.1" 304 0
INFO 2019-09-21 17:41:55,413 basehttp 154 "GET /static/xadmin/vendor/jquery-ui/jquery.ui.sortable.js HTTP/1.1" 304 0
INFO 2019-09-21 17:41:55,415 basehttp 154 "GET /static/xadmin/js/xadmin.responsive.js HTTP/1.1" 304 0
INFO 2019-09-21 17:41:55,418 basehttp 154 "GET /static/xadmin/vendor/jquery-ui/jquery.ui.effect.js HTTP/1.1" 304 0
INFO 2019-09-21 17:41:55,419 basehttp 154 "GET /static/xadmin/vendor/bootstrap/js/bootstrap.js HTTP/1.1" 304 0
INFO 2019-09-21 17:41:55,420 basehttp 154 "GET /static/xadmin/vendor/jquery-ui/jquery.ui.mouse.js HTTP/1.1" 304 0
INFO 2019-09-21 17:41:55,461 basehttp 154 "GET /static/xadmin/vendor/load-image/load-image.js HTTP/1.1" 304 0
INFO 2019-09-21 17:41:55,479 basehttp 154 "GET /static/xadmin/js/xadmin.plugin.portal.js HTTP/1.1" 304 0
INFO 2019-09-21 17:41:55,481 basehttp 154 "GET /static/xadmin/js/xadmin.page.form.js HTTP/1.1" 304 0
INFO 2019-09-21 17:41:55,485 basehttp 154 "GET /static/xadmin/vendor/bootstrap-image-gallery/js/bootstrap-image-gallery.js HTTP/1.1" 304 0
INFO 2019-09-21 17:41:55,487 basehttp 154 "GET /static/xadmin/js/xadmin.plugin.themes.js HTTP/1.1" 304 0
INFO 2019-09-21 17:41:58,005 basehttp 154 "GET /xadmin/home/banner/4/delete/ HTTP/1.1" 200 14726
INFO 2019-09-21 17:41:58,042 basehttp 154 "GET /xadmin/jsi18n/ HTTP/1.1" 200 7722
INFO 2019-09-21 17:41:59,424 basehttp 154 "POST /xadmin/home/banner/4/delete/ HTTP/1.1" 302 0
INFO 2019-09-21 17:41:59,556 basehttp 154 "GET /xadmin/home/banner/ HTTP/1.1" 200 29193
INFO 2019-09-21 17:41:59,635 basehttp 154 "GET /static/xadmin/js/xadmin.plugin.bookmark.js HTTP/1.1" 304 0
INFO 2019-09-21 17:41:59,638 basehttp 154 "GET /static/xadmin/js/xadmin.page.list.js HTTP/1.1" 304 0
INFO 2019-09-21 17:41:59,640 basehttp 154 "GET /static/xadmin/js/xadmin.plugin.details.js HTTP/1.1" 304 0
INFO 2019-09-21 17:41:59,640 basehttp 154 "GET /static/xadmin/js/xadmin.plugin.actions.js HTTP/1.1" 304 0
INFO 2019-09-21 17:41:59,642 basehttp 154 "GET /static/xadmin/js/xadmin.plugin.filters.js HTTP/1.1" 304 0
INFO 2019-09-21 17:41:59,653 basehttp 154 "GET /xadmin/jsi18n/ HTTP/1.1" 200 7722
