INFO 2019-09-21 06:25:45,669 autoreload 597 Watching for file changes with StatReloader
INFO 2019-09-21 06:26:49,919 autoreload 597 Watching for file changes with StatReloader
INFO 2019-09-21 06:31:33,491 autoreload 217 /home/moluo/Desktop/luffyProject/luffyapi/luffyapi/settings/dev.py changed, reloading.
INFO 2019-09-21 06:31:33,892 autoreload 597 Watching for file changes with StatReloader
INFO 2019-09-21 06:45:51,393 autoreload 217 /home/moluo/Desktop/luffyProject/luffyapi/luffyapi/settings/dev.py changed, reloading.
INFO 2019-09-21 06:45:51,685 autoreload 597 Watching for file changes with StatReloader
INFO 2019-09-21 06:51:47,705 autoreload 217 /home/moluo/Desktop/luffyProject/luffyapi/luffyapi/settings/dev.py changed, reloading.
INFO 2019-09-21 06:51:48,040 autoreload 597 Watching for file changes with StatReloader
INFO 2019-09-21 06:52:24,484 autoreload 597 Watching for file changes with StatReloader
INFO 2019-09-21 06:53:09,759 autoreload 597 Watching for file changes with StatReloader
INFO 2019-09-21 06:53:22,010 autoreload 217 /home/moluo/.virtualenvs/luffycity/lib/python3.6/site-packages/django/db/backends/mysql/base.py changed, reloading.
INFO 2019-09-21 06:53:22,352 autoreload 597 Watching for file changes with StatReloader
INFO 2019-09-21 06:53:28,219 autoreload 597 Watching for file changes with StatReloader
INFO 2019-09-21 06:53:34,561 autoreload 217 /home/moluo/.virtualenvs/luffycity/lib/python3.6/site-packages/django/db/backends/mysql/operations.py changed, reloading.
INFO 2019-09-21 06:53:34,866 autoreload 597 Watching for file changes with StatReloader
INFO 2019-09-21 06:53:48,513 autoreload 217 /home/moluo/.virtualenvs/luffycity/lib/python3.6/site-packages/django/db/backends/mysql/operations.py changed, reloading.
INFO 2019-09-21 06:53:48,794 autoreload 597 Watching for file changes with StatReloader
INFO 2019-09-21 06:53:56,642 autoreload 597 Watching for file changes with StatReloader
INFO 2019-09-21 07:11:22,426 autoreload 597 Watching for file changes with StatReloader
INFO 2019-09-21 08:21:16,884 autoreload 597 Watching for file changes with StatReloader
INFO 2019-09-21 08:21:19,445 basehttp 154 "GET / HTTP/1.1" 200 16348
INFO 2019-09-21 08:21:19,486 basehttp 154 "GET /static/admin/css/fonts.css HTTP/1.1" 200 423
INFO 2019-09-21 08:21:19,621 basehttp 154 "GET /static/admin/fonts/Roboto-Bold-webfont.woff HTTP/1.1" 200 86184
INFO 2019-09-21 08:21:19,658 basehttp 154 "GET /static/admin/fonts/Roboto-Light-webfont.woff HTTP/1.1" 200 85692
INFO 2019-09-21 08:21:19,659 basehttp 154 "GET /static/admin/fonts/Roboto-Regular-webfont.woff HTTP/1.1" 200 85876
WARNING 2019-09-21 08:21:19,682 log 228 Not Found: /favicon.ico
WARNING 2019-09-21 08:21:19,686 basehttp 154 "GET /favicon.ico HTTP/1.1" 404 1974
ERROR 2019-09-21 08:25:10,776 exception 77 Invalid HTTP_HOST header: 'api.luffycity.cn:8000'. You may need to add 'api.luffycity.cn' to ALLOWED_HOSTS.
WARNING 2019-09-21 08:25:10,816 log 228 Bad Request: /
WARNING 2019-09-21 08:25:10,816 basehttp 154 "GET / HTTP/1.1" 400 68914
ERROR 2019-09-21 08:25:11,025 exception 77 Invalid HTTP_HOST header: 'api.luffycity.cn:8000'. You may need to add 'api.luffycity.cn' to ALLOWED_HOSTS.
WARNING 2019-09-21 08:25:11,061 log 228 Bad Request: /favicon.ico
WARNING 2019-09-21 08:25:11,061 basehttp 154 "GET /favicon.ico HTTP/1.1" 400 68999
INFO 2019-09-21 08:26:02,586 autoreload 217 /home/moluo/Desktop/luffyProject/luffyapi/luffyapi/settings/dev.py changed, reloading.
INFO 2019-09-21 08:26:02,976 autoreload 597 Watching for file changes with StatReloader
INFO 2019-09-21 08:26:03,615 basehttp 154 "GET / HTTP/1.1" 200 16348
INFO 2019-09-21 08:26:03,630 basehttp 154 "GET /static/admin/css/fonts.css HTTP/1.1" 200 423
INFO 2019-09-21 08:26:03,757 basehttp 154 "GET /static/admin/fonts/Roboto-Regular-webfont.woff HTTP/1.1" 200 85876
INFO 2019-09-21 08:26:03,767 basehttp 154 "GET /static/admin/fonts/Roboto-Light-webfont.woff HTTP/1.1" 200 85692
INFO 2019-09-21 08:26:03,768 basehttp 154 "GET /static/admin/fonts/Roboto-Bold-webfont.woff HTTP/1.1" 200 86184
WARNING 2019-09-21 08:26:03,777 log 228 Not Found: /favicon.ico
WARNING 2019-09-21 08:26:03,778 basehttp 154 "GET /favicon.ico HTTP/1.1" 404 1981
INFO 2019-09-21 08:26:44,700 autoreload 217 /home/moluo/Desktop/luffyProject/luffyapi/luffyapi/settings/dev.py changed, reloading.
INFO 2019-09-21 08:26:45,153 autoreload 597 Watching for file changes with StatReloader
INFO 2019-09-21 08:26:45,443 basehttp 154 "GET / HTTP/1.1" 200 16348
INFO 2019-09-21 08:26:46,893 basehttp 154 "GET / HTTP/1.1" 200 16348
INFO 2019-09-21 08:26:47,037 basehttp 154 "GET / HTTP/1.1" 200 16348
INFO 2019-09-21 08:35:43,357 autoreload 217 /home/moluo/Desktop/luffyProject/luffyapi/luffyapi/settings/dev.py changed, reloading.
INFO 2019-09-21 08:35:43,793 autoreload 597 Watching for file changes with StatReloader
INFO 2019-09-21 08:47:40,362 autoreload 217 /home/moluo/Desktop/luffyProject/luffyapi/luffyapi/settings/dev.py changed, reloading.
INFO 2019-09-21 08:47:40,880 autoreload 597 Watching for file changes with StatReloader
INFO 2019-09-21 08:51:30,651 autoreload 597 Watching for file changes with StatReloader
INFO 2019-09-21 08:52:05,495 autoreload 597 Watching for file changes with StatReloader
INFO 2019-09-21 08:55:12,343 autoreload 217 /home/moluo/Desktop/luffyProject/luffyapi/luffyapi/apps/home/models.py changed, reloading.
INFO 2019-09-21 08:55:12,656 autoreload 597 Watching for file changes with StatReloader
INFO 2019-09-21 08:58:47,081 autoreload 217 /home/moluo/Desktop/luffyProject/luffyapi/luffyapi/urls.py changed, reloading.
INFO 2019-09-21 08:58:47,538 autoreload 597 Watching for file changes with StatReloader
INFO 2019-09-21 08:59:14,425 autoreload 217 /home/moluo/Desktop/luffyProject/luffyapi/luffyapi/apps/home/models.py changed, reloading.
INFO 2019-09-21 08:59:14,809 autoreload 597 Watching for file changes with StatReloader
INFO 2019-09-21 09:00:23,138 autoreload 597 Watching for file changes with StatReloader
INFO 2019-09-21 09:00:47,638 autoreload 217 /home/moluo/Desktop/luffyProject/luffyapi/luffyapi/apps/home/models.py changed, reloading.
INFO 2019-09-21 09:00:48,051 autoreload 597 Watching for file changes with StatReloader
INFO 2019-09-21 09:06:55,400 autoreload 597 Watching for file changes with StatReloader
INFO 2019-09-21 09:18:24,898 autoreload 597 Watching for file changes with StatReloader
INFO 2019-09-21 09:18:35,930 basehttp 154 "GET /banner HTTP/1.1" 301 0
ERROR 2019-09-21 09:18:36,051 log 228 Internal Server Error: /banner/
Traceback (most recent call last):
  File "/home/moluo/.virtualenvs/luffycity/lib/python3.6/site-packages/rest_framework/views.py", line 502, in dispatch
    response = handler(request, *args, **kwargs)
  File "/home/moluo/.virtualenvs/luffycity/lib/python3.6/site-packages/rest_framework/generics.py", line 199, in get
    return self.list(request, *args, **kwargs)
  File "/home/moluo/.virtualenvs/luffycity/lib/python3.6/site-packages/rest_framework/mixins.py", line 38, in list
    queryset = self.filter_queryset(self.get_queryset())
  File "/home/moluo/.virtualenvs/luffycity/lib/python3.6/site-packages/rest_framework/generics.py", line 66, in get_queryset
    % self.__class__.__name__
AssertionError: 'ListAPIView' should either include a `queryset` attribute, or override the `get_queryset()` method.

During handling of the above exception, another exception occurred:

Traceback (most recent call last):
  File "/home/moluo/.virtualenvs/luffycity/lib/python3.6/site-packages/django/utils/module_loading.py", line 20, in import_string
    return getattr(module, class_name)
AttributeError: module 'luffyapi.utils.exceptions' has no attribute 'custom_exception_handler'

The above exception was the direct cause of the following exception:

Traceback (most recent call last):
  File "/home/moluo/.virtualenvs/luffycity/lib/python3.6/site-packages/rest_framework/settings.py", line 177, in import_from_string
    return import_string(val)
  File "/home/moluo/.virtualenvs/luffycity/lib/python3.6/site-packages/django/utils/module_loading.py", line 24, in import_string
    ) from err
ImportError: Module "luffyapi.utils.exceptions" does not define a "custom_exception_handler" attribute/class

During handling of the above exception, another exception occurred:

Traceback (most recent call last):
  File "/home/moluo/.virtualenvs/luffycity/lib/python3.6/site-packages/django/core/handlers/exception.py", line 34, in inner
    response = get_response(request)
  File "/home/moluo/.virtualenvs/luffycity/lib/python3.6/site-packages/django/core/handlers/base.py", line 115, in _get_response
    response = self.process_exception_by_middleware(e, request)
  File "/home/moluo/.virtualenvs/luffycity/lib/python3.6/site-packages/django/core/handlers/base.py", line 113, in _get_response
    response = wrapped_callback(request, *callback_args, **callback_kwargs)
  File "/home/moluo/.virtualenvs/luffycity/lib/python3.6/site-packages/django/views/decorators/csrf.py", line 54, in wrapped_view
    return view_func(*args, **kwargs)
  File "/home/moluo/.virtualenvs/luffycity/lib/python3.6/site-packages/django/views/generic/base.py", line 71, in view
    return self.dispatch(request, *args, **kwargs)
  File "/home/moluo/.virtualenvs/luffycity/lib/python3.6/site-packages/rest_framework/views.py", line 505, in dispatch
    response = self.handle_exception(exc)
  File "/home/moluo/.virtualenvs/luffycity/lib/python3.6/site-packages/rest_framework/views.py", line 459, in handle_exception
    exception_handler = self.get_exception_handler()
  File "/home/moluo/.virtualenvs/luffycity/lib/python3.6/site-packages/rest_framework/views.py", line 298, in get_exception_handler
    return self.settings.EXCEPTION_HANDLER
  File "/home/moluo/.virtualenvs/luffycity/lib/python3.6/site-packages/rest_framework/settings.py", line 220, in __getattr__
    val = perform_import(val, attr)
  File "/home/moluo/.virtualenvs/luffycity/lib/python3.6/site-packages/rest_framework/settings.py", line 166, in perform_import
    return import_from_string(val, setting_name)
  File "/home/moluo/.virtualenvs/luffycity/lib/python3.6/site-packages/rest_framework/settings.py", line 180, in import_from_string
    raise ImportError(msg)
ImportError: Could not import 'luffyapi.utils.exceptions.custom_exception_handler' for API setting 'EXCEPTION_HANDLER'. ImportError: Module "luffyapi.utils.exceptions" does not define a "custom_exception_handler" attribute/class.
ERROR 2019-09-21 09:18:36,054 basehttp 154 "GET /banner/ HTTP/1.1" 500 132732
INFO 2019-09-21 09:18:58,887 autoreload 217 /home/moluo/Desktop/luffyProject/luffyapi/luffyapi/apps/home/urls.py changed, reloading.
INFO 2019-09-21 09:18:59,933 autoreload 597 Watching for file changes with StatReloader
INFO 2019-09-21 09:19:22,350 autoreload 217 /home/moluo/Desktop/luffyProject/luffyapi/luffyapi/apps/home/urls.py changed, reloading.
INFO 2019-09-21 09:19:22,803 autoreload 597 Watching for file changes with StatReloader
INFO 2019-09-21 09:19:23,805 basehttp 154 "GET /banner/ HTTP/1.1" 200 5192
INFO 2019-09-21 09:19:23,853 basehttp 154 "GET /static/rest_framework/css/bootstrap-tweaks.css HTTP/1.1" 200 3385
INFO 2019-09-21 09:19:23,854 basehttp 154 "GET /static/rest_framework/css/default.css HTTP/1.1" 200 1131
INFO 2019-09-21 09:19:23,854 basehttp 154 "GET /static/rest_framework/css/prettify.css HTTP/1.1" 200 817
INFO 2019-09-21 09:19:23,862 basehttp 154 "GET /static/rest_framework/css/bootstrap.min.css HTTP/1.1" 200 121457
INFO 2019-09-21 09:19:23,881 basehttp 154 "GET /static/rest_framework/js/ajax-form.js HTTP/1.1" 200 3597
INFO 2019-09-21 09:19:23,884 basehttp 154 "GET /static/rest_framework/js/prettify-min.js HTTP/1.1" 200 13632
INFO 2019-09-21 09:19:23,890 basehttp 154 "GET /static/rest_framework/js/bootstrap.min.js HTTP/1.1" 200 37608
INFO 2019-09-21 09:19:23,891 basehttp 154 "GET /static/rest_framework/js/default.js HTTP/1.1" 200 1268
INFO 2019-09-21 09:19:23,891 basehttp 154 "GET /static/rest_framework/js/csrf.js HTTP/1.1" 200 1719
INFO 2019-09-21 09:19:23,901 basehttp 154 "GET /static/rest_framework/js/jquery-3.4.1.min.js HTTP/1.1" 200 88145
INFO 2019-09-21 09:19:23,924 basehttp 154 "GET /static/rest_framework/img/grid.png HTTP/1.1" 200 1458
INFO 2019-09-21 09:19:56,123 autoreload 597 Watching for file changes with StatReloader
